<?xml version="1.0" encoding="UTF-8"?>
<!-- Generated by org.testng.reporters.JUnitReportReporter -->
<testsuite skipped="0" hostname="MarcoFedez-PC" name="Tests.pruebas" tests="2" failures="0" timestamp="22 mar 2019 21:20:06 GMT" time="13.974" errors="0">
  <testcase name="clickQoute" time="1.923" classname="Tests.pruebas"/>
  <testcase name="fillRequestQuote" time="12.051" classname="Tests.pruebas"/>
</testsuite> <!-- Tests.pruebas -->
