<?xml version="1.0" encoding="UTF-8"?>
<!-- Generated by org.testng.reporters.JUnitReportReporter -->
<testsuite skipped="0" hostname="MarcoFedez-PC" name="Tests.p" tests="1" failures="0" timestamp="28 mar 2019 17:40:28 GMT" time="14.358" errors="0">
  <testcase name="pruebas" time="14.358" classname="Tests.p"/>
</testsuite> <!-- Tests.p -->
